2021/01/24 19:00:51 GET		404		/reverse/ejnfeklf		[::1]:51271		0s
2021/01/24 19:01:00 GET		404		/reverse/		[::1]:51271		0s
2021/01/24 19:01:01 GET		200		/reverse		[::1]:51271		4.9863ms
2021/01/24 19:01:02 GET		200		/home		[::1]:51271		997.5µs
2021/01/24 19:01:04 GET		200		/reverse		[::1]:51271		3.9896ms
2021/01/24 19:01:04 GET		200		/output		[::1]:51271		2.0002ms
2021/01/24 19:01:05 GET		200		/print		[::1]:51271		2.993ms
2021/01/24 19:01:07 GET		200		/output		[::1]:51271		996.7µs
2021/01/24 19:01:07 GET		200		/reverse		[::1]:51271		1.9958ms
2021/01/24 19:19:10 GET		404		/reverse/zkdzkd		[::1]:51394		0s
2021/01/24 21:46:34 listen tcp :80: bind: Only one usage of each socket address (protocol/network address/port) is normally permitted.
2021/01/24 21:48:07 listen tcp :80: bind: Only one usage of each socket address (protocol/network address/port) is normally permitted.
2021/01/24 21:48:35 GET		404		/reverse/zkdzkd		[::1]:52337		0s
2021/01/24 21:48:55 listen tcp :80: bind: Only one usage of each socket address (protocol/network address/port) is normally permitted.
2021/01/24 21:49:00 listen tcp :80: bind: Only one usage of each socket address (protocol/network address/port) is normally permitted.
2021/01/24 21:49:10 listen tcp :80: bind: Only one usage of each socket address (protocol/network address/port) is normally permitted.
2021/01/24 21:49:22 listen tcp :80: bind: Only one usage of each socket address (protocol/network address/port) is normally permitted.
2021/01/24 21:49:29 listen tcp :80: bind: Only one usage of each socket address (protocol/network address/port) is normally permitted.
2021/01/24 21:49:50 listen tcp :80: bind: Only one usage of each socket address (protocol/network address/port) is normally permitted.
2021/01/24 21:50:32 GET		200		/reverse		[::1]:52337		1.996ms
2021/01/24 21:50:32 GET		304		/load-assets/css/style.css		[::1]:52337		0s
2021/01/24 21:50:32 GET		304		/load-assets/js/app.js		[::1]:52362		0s
2021/01/24 21:50:56 GET		200		/		[::1]:52367		1.9941ms
2021/01/24 21:50:56 GET		304		/load-assets/css/style.css		[::1]:52367		0s
2021/01/24 21:51:01 GET		200		/kjhfkosfko%20jsklfesl%20f		[::1]:52367		996.7µs
2021/01/24 21:51:15 GET		200		/reverse/jnefknekfnskef		[::1]:52367		998.2µs
2021/01/24 21:51:18 GET		200		/reverse/reverse		[::1]:52367		0s
2021/01/24 21:51:18 GET		200		/reverse/output		[::1]:52367		0s
2021/01/24 21:51:21 GET		200		/reverse/print		[::1]:52367		990.5µs
2021/01/24 21:51:21 GET		200		/reverse/output		[::1]:52367		996.7µs
2021/01/24 21:51:22 GET		200		/home		[::1]:52367		0s
2021/01/24 21:51:23 GET		200		/output		[::1]:52367		997.9µs
2021/01/24 21:51:23 GET		304		/load-assets/js/app.js		[::1]:52367		997.5µs
2021/01/24 21:51:23 GET		200		/print		[::1]:52367		1.9933ms
2021/01/24 21:52:04 GET		200		/home		[::1]:52367		997.9µs
2021/01/24 21:52:08 GET		200		/		[::1]:52367		998.8µs
2021/01/24 21:59:36 GET		404		/		[::1]:52439		0s
2021/01/24 21:59:45 GET		404		/		[::1]:52442		998.7µs
2021/01/24 21:59:45 GET		404		/		[::1]:52442		0s
2021/01/24 21:59:45 GET		404		/		[::1]:52442		0s
2021/01/24 21:59:46 GET		404		/		[::1]:52442		0s
2021/01/24 21:59:47 GET		404		/		[::1]:52442		0s
2021/01/24 21:59:47 GET		404		/		[::1]:52442		0s
2021/01/24 22:01:02 GET		200		/reverse		[::1]:52442		2.9908ms
2021/01/24 22:01:03 GET		200		/output		[::1]:52442		998.4µs
2021/01/24 22:01:03 GET		200		/print		[::1]:52442		1.9947ms
2021/01/24 22:01:04 GET		200		/reverse		[::1]:52442		1.9954ms
2021/01/24 22:01:05 GET		404		/home		[::1]:52442		0s
2021/01/24 22:01:08 GET		404		/		[::1]:52442		0s
2021/01/24 22:01:50 GET		404		/		[::1]:52468		0s
2021/01/24 22:01:51 GET		404		/		[::1]:52468		0s
2021/01/24 22:01:51 GET		404		/		[::1]:52468		0s
2021/01/24 22:02:10 GET		404		/		[::1]:52472		0s
2021/01/24 22:02:11 GET		404		/		[::1]:52472		0s
2021/01/24 22:02:37 GET		404		/		[::1]:52477		987.3µs
2021/01/24 22:03:25 GET		404		/		[::1]:52488		0s
2021/01/24 22:03:25 GET		404		/		[::1]:52488		0s
2021/01/24 22:03:26 GET		404		/		[::1]:52488		0s
2021/01/24 22:04:02 GET		404		/		[::1]:52495		0s
2021/01/24 22:04:03 GET		404		/		[::1]:52495		0s
2021/01/24 22:04:03 GET		404		/		[::1]:52495		0s
2021/01/24 22:05:06 GET		404		/		[::1]:52502		0s
2021/01/24 22:05:07 GET		404		/		[::1]:52502		0s
2021/01/24 22:05:07 GET		404		/		[::1]:52502		0s
2021/01/24 22:05:07 GET		404		/		[::1]:52502		0s
2021/01/24 22:05:11 GET		404		/reverse		[::1]:52502		0s
2021/01/24 22:07:17 GET		404		/		[::1]:52541		0s
2021/01/24 22:07:28 GET		404		/		[::1]:52541		0s
2021/01/24 22:07:29 GET		404		/		[::1]:52541		0s
2021/01/24 22:07:29 GET		404		/		[::1]:52541		0s
2021/01/24 22:07:29 GET		404		/		[::1]:52541		0s
2021/01/24 22:07:29 GET		404		/		[::1]:52541		0s
2021/01/24 22:07:29 GET		404		/		[::1]:52541		0s
2021/01/24 22:07:39 GET		404		/		[::1]:52541		0s
2021/01/24 22:07:39 GET		404		/		[::1]:52541		0s
2021/01/24 22:07:39 GET		404		/		[::1]:52541		0s
2021/01/24 22:07:39 GET		404		/		[::1]:52541		0s
2021/01/24 22:07:39 GET		404		/		[::1]:52541		0s
2021/01/24 22:07:39 GET		404		/		[::1]:52541		0s
2021/01/24 22:07:40 GET		404		/		[::1]:52541		0s
2021/01/24 22:07:40 GET		404		/		[::1]:52541		0s
2021/01/24 22:07:40 GET		404		/		[::1]:52541		0s
2021/01/24 22:07:40 GET		404		/		[::1]:52541		0s
2021/01/24 22:07:41 GET		404		/		[::1]:52541		0s
2021/01/24 22:07:41 GET		404		/		[::1]:52541		0s
2021/01/24 22:07:44 GET		200		/reverse		[::1]:52541		2.9894ms
2021/01/24 22:07:44 GET		304		/load-assets/js/app.js		[::1]:52641		0s
2021/01/24 22:07:44 GET		200		/load-assets/css/style.css		[::1]:52541		27.4574ms
2021/01/24 22:07:49 GET		200		/output		[::1]:52641		998µs
2021/01/24 22:07:49 GET		200		/print		[::1]:52641		1.9934ms
2021/01/24 22:07:51 GET		200		/reverse		[::1]:52641		1.9937ms
2021/01/24 22:07:51 GET		200		/home		[::1]:52641		980.8µs
2021/01/24 22:07:52 GET		200		/reverse		[::1]:52641		1.9759ms
2021/01/24 22:07:53 GET		200		/output		[::1]:52641		1.0169ms
2021/01/24 22:07:53 GET		200		/print		[::1]:52641		1.995ms
2021/01/24 22:21:55 GET		404		/		[::1]:50135		0s
2021/01/24 22:22:00 GET		404		/reverse		[::1]:50135		0s
2021/01/24 22:22:01 GET		404		/output		[::1]:50135		0s
2021/01/24 22:22:33 GET		200		/		[::1]:50140		21.9419ms
2021/01/24 22:22:34 GET		200		/reverse		[::1]:50141		2.9711ms
2021/01/24 22:22:35 GET		200		/output		[::1]:50141		0s
2021/01/24 22:22:35 GET		200		/output		[::1]:50141		998.6µs
2021/01/24 22:22:39 GET		404		/kfef		[::1]:50141		0s
2021/01/24 22:22:43 GET		200		/print		[::1]:50141		1.9908ms
2021/01/24 22:22:43 GET		200		/output		[::1]:50141		997µs
2021/01/24 22:22:43 GET		200		/reverse		[::1]:50141		2.991ms
2021/01/24 22:22:45 GET		200		/reverse		[::1]:50141		1.9938ms
2021/01/24 22:22:45 GET		200		/output		[::1]:50141		0s
2021/01/24 22:22:46 GET		200		/print		[::1]:50141		2.0283ms
2021/01/24 22:22:47 GET		200		/output		[::1]:50141		995.9µs
2021/01/24 22:22:47 GET		200		/reverse		[::1]:50141		1.9954ms
2021/01/24 22:22:49 GET		200		/reverse?a=use-file&f=setsetset.txt&w=1490		[::1]:50141		14.96ms
2021/01/24 22:22:51 GET		200		/download/output/setsetset.txt		[::1]:50141		0s
2021/01/24 22:23:07 GET		200		/output		[::1]:50144		989.5µs
2021/01/24 22:24:43 GET		200		/reverse		[::1]:50144		1.9938ms
2021/01/24 22:24:44 GET		304		/		[::1]:50144		996.9µs
2021/01/24 22:25:15 GET		304		/		[::1]:50144		998.7µs
2021/01/24 22:25:15 GET		304		/		[::1]:50144		986.4µs
2021/01/24 22:25:15 GET		304		/		[::1]:50144		0s
2021/01/24 22:25:20 GET		200		/reverse		[::1]:50144		997.9µs
2021/01/24 22:25:23 GET		200		/output		[::1]:50144		998.4µs
2021/01/24 22:26:07 GET		200		/reverse		[::1]:50144		2.0157ms
2021/01/24 22:26:08 GET		200		/download/output/setsetset.txt		[::1]:50144		998.9µs
2021/01/24 22:35:32 GET		200		/output		[::1]:50227		998.4µs
2021/01/24 22:35:33 GET		200		/print		[::1]:50227		1.9943ms
2021/01/24 22:35:34 GET		200		/reverse		[::1]:50227		2.9917ms
2021/01/24 22:35:35 GET		304		/		[::1]:50227		998.2µs
2021/01/25 10:18:24 GET		200		/		[::1]:57902		0s
2021/01/25 10:18:24 GET		200		/load-assets/css/style.css		[::1]:57902		4.9871ms
2021/01/25 10:18:25 GET		200		/reverse		[::1]:57902		1.9941ms
2021/01/25 10:18:25 GET		200		/load-assets/js/app.js		[::1]:57902		5.9844ms
2021/01/25 10:18:35 GET		200		/reverse/dlzd		[::1]:57902		0s
2021/01/25 10:18:51 GET		404		/reverse/dlzd		[::1]:57907		0s
2021/01/25 10:19:43 GET		404		/reverse/dlzd		[::1]:57920		0s
2021/01/25 10:21:02 GET		200		/reverse		[::1]:57920		1.9935ms
2021/01/25 10:21:04 GET		200		/reverse?a=use-file&f=setsetset.txt&w=1490		[::1]:57920		1.9941ms
2021/01/25 10:21:06 GET		200		/output		[::1]:57920		0s
2021/01/25 10:21:07 GET		200		/print		[::1]:57920		997.9µs
2021/01/25 10:21:07 GET		200		/output		[::1]:57920		0s
2021/01/25 10:21:08 GET		200		/reverse		[::1]:57920		0s
2021/01/25 10:47:08 GET		304		Not Modified		/		[::1]:58181		0s
2021/01/25 10:47:08 GET		304		Not Modified		/		[::1]:58181		997.7µs
2021/01/25 10:47:08 GET		304		Not Modified		/		[::1]:58181		0s
2021/01/25 10:47:20 GET		404		Not Found		/keflef		[::1]:58181		1.0118ms
2021/01/25 10:47:26 GET		200		OK		/reverse		[::1]:58181		1.9954ms
2021/01/25 10:47:34 GET		200		OK		/output		[::1]:58181		0s
2021/01/25 10:47:35 GET		200		OK		/print		[::1]:58181		997µs
2021/01/25 10:47:36 GET		200		OK		/reverse		[::1]:58181		977.3µs
2021/01/25 10:48:08 GET		304		/		[::1]:58188		1.0011ms
2021/01/25 10:48:08 GET		304		/		[::1]:58188		0s
2021/01/25 10:48:08 GET		304		/		[::1]:58188		0s
2021/01/25 10:48:09 GET		200		/output		[::1]:58188		995.9µs
2021/01/25 10:48:10 GET		200		/reverse		[::1]:58188		962.9µs
2021/01/25 10:48:36 GET		304		/		[::1]:58197		0s
2021/01/25 10:48:37 GET		304		/		[::1]:58197		0s
2021/01/25 10:48:37 GET		304		/		[::1]:58197		0s
2021/01/25 10:49:20 GET		304		/		[::1]:58203		0s
2021/01/25 10:49:55 GET		200		/		[::1]:58237		24.933ms
2021/01/25 10:49:55 GET		200		/load-assets/css/style.css		[::1]:58237		0s
2021/01/25 10:49:55 GET		304		/		[::1]:58241		0s
2021/01/25 10:49:57 GET		200		/reverse		[::1]:58237		1.9929ms
2021/01/25 10:49:57 GET		200		/load-assets/js/app.js		[::1]:58237		0s
2021/01/25 10:49:57 GET		200		/output		[::1]:58237		997.5µs
2021/01/25 10:49:58 GET		200		/print		[::1]:58237		996.4µs
2021/01/25 10:49:59 GET		200		/output		[::1]:58237		0s
2021/01/25 10:49:59 GET		200		/reverse		[::1]:58237		0s
2021/01/25 10:50:01 GET		200		/reverse		[::1]:58237		997µs
2021/01/25 10:50:01 GET		200		/output		[::1]:58237		983.9µs
2021/01/25 10:50:02 GET		200		/print		[::1]:58237		997.1µs
2021/01/25 10:50:03 GET		200		/reverse		[::1]:58237		997.7µs
2021/01/25 10:50:03 GET		200		/output		[::1]:58237		996.6µs
2021/01/25 10:50:04 GET		200		/print		[::1]:58237		979.1µs
2021/01/25 10:50:58 GET		304		/		[::1]:58251		0s
2021/01/25 10:50:58 GET		304		/		[::1]:58251		0s
2021/01/25 10:50:59 GET		304		/		[::1]:58251		997.6µs
2021/01/25 10:51:08 GET		200		/print		[::1]:58251		996µs
2021/01/25 10:51:09 GET		200		/print		[::1]:58251		997.7µs
2021/01/25 10:51:09 GET		200		/print		[::1]:58251		996.4µs
2021/01/25 10:51:19 GET		304		/		[::1]:58251		0s
2021/01/25 10:51:20 GET		304		/		[::1]:58251		0s
2021/01/25 10:51:20 GET		304		/		[::1]:58251		0s
2021/01/25 10:51:20 GET		304		/		[::1]:58251		0s
2021/01/25 10:51:48 GET		200		/		[::1]:58260		24.9351ms
2021/01/25 10:51:50 GET		200		/reverse		[::1]:58260		996.9µs
2021/01/25 10:51:50 GET		304		/		[::1]:58260		0s
2021/01/25 10:52:46 GET		304		/		[::1]:58260		0s
2021/01/25 10:52:47 GET		200		/		[::1]:58260		0s
2021/01/25 10:52:47 GET		200		/load-assets/css/style.css		[::1]:58260		0s
2021/01/25 10:52:48 GET		200		/		[::1]:58260		0s
2021/01/25 10:52:48 GET		200		/load-assets/css/style.css		[::1]:58260		0s
2021/01/25 10:52:48 GET		200		/		[::1]:58260		1.0067ms
2021/01/25 10:52:48 GET		200		/load-assets/css/style.css		[::1]:58260		0s
2021/01/25 10:52:49 GET		200		/		[::1]:58260		996.1µs
2021/01/25 10:52:49 GET		200		/load-assets/css/style.css		[::1]:58260		995.4µs
2021/01/25 10:52:49 GET		200		/		[::1]:58260		0s
2021/01/25 10:52:49 GET		200		/load-assets/css/style.css		[::1]:58260		0s
2021/01/25 10:52:49 GET		200		/		[::1]:58260		968.9µs
2021/01/25 10:52:49 GET		200		/load-assets/css/style.css		[::1]:58260		0s
2021/01/25 10:52:49 GET		200		/		[::1]:58260		998.8µs
2021/01/25 10:52:49 GET		200		/load-assets/css/style.css		[::1]:58260		0s
2021/01/25 10:52:49 GET		200		/		[::1]:58260		0s
2021/01/25 10:52:49 GET		200		/load-assets/css/style.css		[::1]:58260		997.8µs
2021/01/25 10:52:50 GET		200		/		[::1]:58260		0s
2021/01/25 10:52:50 GET		200		/load-assets/css/style.css		[::1]:58260		998.3µs
2021/01/25 10:52:50 GET		200		/		[::1]:58260		996.8µs
2021/01/25 10:52:50 GET		200		/load-assets/css/style.css		[::1]:58260		0s
2021/01/25 10:52:50 GET		200		/		[::1]:58260		0s
2021/01/25 10:52:50 GET		200		/load-assets/css/style.css		[::1]:58260		0s
2021/01/25 10:53:03 GET		200		/reverse		[::1]:58260		980.4µs
2021/01/25 10:53:03 GET		304		/		[::1]:58260		0s
2021/01/25 10:54:04 GET		304		/		[::1]:58276		0s
2021/01/25 10:54:05 GET		304		/		[::1]:58276		1.0067ms
2021/01/25 10:54:05 GET		304		/		[::1]:58276		997.3µs
2021/01/25 10:54:06 GET		200		/		[::1]:58276		20.9441ms
2021/01/25 10:54:06 GET		200		/load-assets/css/style.css		[::1]:58276		0s
2021/01/25 10:54:07 GET		200		/		[::1]:58276		0s
2021/01/25 10:54:07 GET		200		/load-assets/css/style.css		[::1]:58276		0s
2021/01/25 10:54:07 GET		200		/		[::1]:58276		997.9µs
2021/01/25 10:54:07 GET		200		/load-assets/css/style.css		[::1]:58276		0s
2021/01/25 10:54:08 GET		200		/		[::1]:58276		0s
2021/01/25 10:54:08 GET		200		/load-assets/css/style.css		[::1]:58276		0s
2021/01/25 10:54:09 GET		200		/		[::1]:58276		997.4µs
2021/01/25 10:54:09 GET		200		/load-assets/css/style.css		[::1]:58276		997.8µs
2021/01/25 10:54:09 GET		200		/		[::1]:58276		0s
2021/01/25 10:54:09 GET		200		/load-assets/css/style.css		[::1]:58276		0s
2021/01/25 10:54:10 GET		200		/		[::1]:58276		0s
2021/01/25 10:54:10 GET		200		/load-assets/css/style.css		[::1]:58276		0s
2021/01/25 10:54:10 GET		200		/		[::1]:58276		0s
2021/01/25 10:54:10 GET		200		/load-assets/css/style.css		[::1]:58276		0s
2021/01/25 10:54:10 GET		200		/		[::1]:58276		0s
2021/01/25 10:54:10 GET		200		/load-assets/css/style.css		[::1]:58276		0s
2021/01/25 10:54:11 GET		200		/		[::1]:58276		996.9µs
2021/01/25 10:54:11 GET		200		/load-assets/css/style.css		[::1]:58276		0s
2021/01/25 11:02:43 GET		200		/		[::1]:58600		0s
2021/01/25 11:02:44 GET		200		/		[::1]:58600		0s
2021/01/25 11:02:44 GET		200		/		[::1]:58600		0s
2021/01/25 11:02:44 GET		200		/		[::1]:58600		997.8µs
2021/01/25 11:02:44 GET		200		/		[::1]:58600		0s
2021/01/25 11:02:53 GET		404		/eklfe		[::1]:58600		0s
2021/01/25 11:04:20 GET		404		Not Found		/eklfe		[::1]:58660		0s
2021/01/25 11:04:21 GET		404		Not Found		/eklfe		[::1]:58660		0s
2021/01/25 11:04:31 GET		200		OK		/		[::1]:58660		996.3µs
2021/01/25 11:04:32 GET		200		OK		/reverse		[::1]:58660		997.2µs
2021/01/25 11:04:33 GET		200		OK		/output		[::1]:58660		0s
2021/01/25 11:04:33 GET		200		OK		/print		[::1]:58660		0s
2021/01/25 11:08:12 POST		200		OK		/print		[::1]:58660		9.9723ms
2021/01/25 11:09:56 GET		200		OK		/		192.168.1.42:37484		0s
2021/01/25 11:09:56 GET		200		OK		/load-assets/css/style.css		192.168.1.42:37484		24.9209ms
2021/01/25 11:09:56 GET		404		Not Found		/favicon.ico		192.168.1.42:37484		0s
2021/01/25 11:10:25 GET		200		OK		/reverse		192.168.1.42:37484		997.6µs
2021/01/25 11:10:26 GET		304		Not Modified		/load-assets/js/app.js		192.168.1.42:37484		0s
2021/01/25 11:10:26 GET		404		Not Found		/favicon.ico		192.168.1.42:37484		0s
2021/01/25 11:10:35 GET		200		OK		/print		192.168.1.42:37484		996.5µs
2021/01/25 11:10:35 GET		404		Not Found		/favicon.ico		192.168.1.42:37484		0s
2021/01/25 11:16:10 GET		200		OK		/output		[::1]:58742		1.9952ms
2021/01/25 11:17:08 GET		200		OK		/print		[::1]:58751		996.9µs
2021/01/25 11:17:11 POST		200		OK		/print		[::1]:58751		994.4µs
2021/01/25 11:17:12 GET		200		OK		/output		[::1]:58751		0s
2021/01/25 11:17:12 GET		200		OK		/print		[::1]:58751		996.5µs
2021/01/25 11:17:16 POST		200		OK		/print		[::1]:58751		996.3µs
2021/01/25 11:17:31 GET		200		OK		/print		192.168.1.42:39150		962.2µs
2021/01/25 11:17:31 GET		404		Not Found		/favicon.ico		192.168.1.42:39150		0s
2021/01/25 11:19:40 GET		200		OK		/print		[::1]:58777		998.4µs
2021/01/25 11:19:42 POST		200		OK		/print		[::1]:58777		997.4µs
2021/01/25 11:19:47 GET		200		OK		/output		[::1]:58777		0s
2021/01/25 11:19:47 GET		200		OK		/reverse		[::1]:58777		1.9948ms
2021/01/25 11:19:49 GET		200		OK		/reverse?a=use-file&f=setsetset.txt&w=1490		[::1]:58777		996.3µs
2021/01/25 11:19:50 GET		200		OK		/reverse?a=use-file&f=test_2.txt&w=1490		[::1]:58777		12.9624ms
2021/01/25 11:19:51 GET		200		OK		/reverse?a=use-file&f=test_3.txt&w=1490		[::1]:58777		7.9805ms
2021/01/25 11:19:51 GET		200		OK		/reverse?a=use-file&f=toto.txt&w=1490		[::1]:58777		7.9626ms
2021/01/25 11:25:24 GET		200		OK		/output		[::1]:58814		996.6µs
2021/01/25 11:25:25 GET		200		OK		/print		[::1]:58814		996.7µs
2021/01/25 11:25:25 GET		200		OK		/		[::1]:58814		1.0063ms
2021/01/25 11:26:02 GET		200		OK		/print		192.168.1.42:39496		0s
2021/01/25 11:26:02 GET		200		OK		/load-assets/js/app.js		192.168.1.42:39498		19.6374ms
2021/01/25 11:26:02 GET		200		OK		/load-assets/css/style.css		192.168.1.42:39496		24.6245ms
2021/01/25 11:26:02 GET		404		Not Found		/favicon.ico		192.168.1.42:39498		0s
2021/01/25 11:26:11 GET		200		OK		/		192.168.1.42:39498		996.9µs
2021/01/25 11:26:11 GET		404		Not Found		/favicon.ico		192.168.1.42:39498		0s
2021/01/25 11:26:24 GET		200		OK		/reverse		192.168.1.42:39498		1ms
2021/01/25 11:26:24 GET		404		Not Found		/favicon.ico		192.168.1.42:39498		0s
2021/01/25 11:47:54 GET		200		OK		/load-assets/		[::1]:58965		0s
2021/01/25 11:48:01 GET		200		OK		/load-assets/html/		[::1]:58965		0s
2021/01/25 11:48:08 GET		200		OK		/load-assets/js/		[::1]:58965		0s
2021/01/25 11:48:13 GET		200		OK		/load-assets/css/		[::1]:58965		0s
2021/01/25 12:47:13 GET		200		OK		/reverse		[::1]:59310		997.7µs
2021/01/25 12:47:14 GET		200		OK		/download/output/setsetset.txt		[::1]:59310		996.8µs
2021/01/25 12:47:31 POST		303		See Other		/upload-file-reverse		[::1]:59310		8.9768ms
2021/01/25 12:47:35 GET		200		OK		/		[::1]:59310		997.6µs
2021/01/25 12:49:37 GET		200		OK		/		[::1]:59310		996.5µs
2021/01/25 12:49:37 GET		200		OK		/load-assets/css/style.css		[::1]:59310		0s
2021/01/25 12:55:02 GET		200		OK		/		[::1]:59359		998µs
2021/01/25 12:55:03 GET		200		OK		/		[::1]:59359		0s
2021/01/25 12:55:08 GET		200		OK		/print		[::1]:59359		0s
2021/01/25 12:55:12 GET		200		OK		/output		[::1]:59359		0s
2021/01/25 12:55:12 GET		200		OK		/reverse		[::1]:59359		1.9949ms
2021/01/25 12:59:12 GET		200		OK		/output		[::1]:59359		0s
2021/01/25 12:59:13 GET		200		OK		/print		[::1]:59359		1.9941ms
2021/01/25 12:59:14 GET		200		OK		/output		[::1]:59359		997µs
2021/01/25 12:59:14 GET		200		OK		/reverse		[::1]:59359		995.5µs
2021/01/25 12:59:15 GET		200		OK		/		[::1]:59359		0s
2021/01/25 12:59:16 GET		200		OK		/reverse		[::1]:59359		998µs
2021/01/25 12:59:16 GET		200		OK		/		[::1]:59359		0s
2021/01/25 12:59:19 GET		200		OK		/reverse		[::1]:59359		997.3µs
2021/01/25 12:59:19 GET		200		OK		/output		[::1]:59359		0s
2021/01/25 12:59:20 GET		200		OK		/print		[::1]:59359		997.5µs
2021/01/25 12:59:21 GET		200		OK		/output		[::1]:59359		996.4µs
2021/01/25 12:59:21 GET		200		OK		/reverse		[::1]:59359		980.7µs
2021/01/25 12:59:22 GET		200		OK		/		[::1]:59359		0s
2021/01/25 12:59:26 GET		404		Not Found		/jbkb		[::1]:59359		0s
2021/01/25 13:28:09 GET		200		OK		/reverse		192.168.1.42:40344		4.9787ms
2021/01/25 13:28:09 GET		404		Not Found		/favicon.ico		192.168.1.42:40344		0s
2021/01/25 13:28:12 GET		200		OK		/		192.168.1.42:40344		1.008ms
2021/01/25 13:28:13 GET		404		Not Found		/favicon.ico		192.168.1.42:40344		0s
2021/01/25 13:28:15 GET		200		OK		/reverse		192.168.1.42:40344		3.0365ms
2021/01/25 13:28:15 GET		404		Not Found		/favicon.ico		192.168.1.42:40344		0s
2021/01/25 13:28:24 GET		200		OK		/print		192.168.1.42:40344		0s
2021/01/25 13:28:53 GET		200		OK		/print		192.168.1.57:38188		3.0042ms
2021/01/25 13:28:54 GET		404		Not Found		/favicon.ico		192.168.1.57:38188		0s
2021/01/25 13:29:03 POST		200		OK		/print		192.168.1.57:38188		3.0472ms
2021/01/25 13:29:03 GET		404		Not Found		/favicon.ico		192.168.1.57:38188		0s
2021/01/25 13:29:17 POST		200		OK		/print		192.168.1.57:38188		3.036ms
2021/01/25 13:29:17 GET		404		Not Found		/favicon.ico		192.168.1.57:38188		0s
2021/01/25 13:29:23 POST		200		OK		/print		192.168.1.57:38188		2.7248ms
2021/01/25 13:29:24 GET		404		Not Found		/favicon.ico		192.168.1.57:38188		0s
2021/01/25 13:29:39 POST		200		OK		/print		192.168.1.57:38188		2.0336ms
2021/01/25 13:29:39 GET		404		Not Found		/favicon.ico		192.168.1.57:38188		0s
2021/01/25 13:29:44 POST		200		OK		/print		192.168.1.57:38188		4.0344ms
2021/01/25 13:29:44 GET		404		Not Found		/favicon.ico		192.168.1.57:38188		0s
2021/01/25 13:30:04 POST		200		OK		/print		192.168.1.57:38188		2.0318ms
2021/01/25 13:30:04 GET		404		Not Found		/favicon.ico		192.168.1.57:38188		0s
2021/01/25 13:33:03 POST		200		OK		/print		192.168.1.57:38188		2.9784ms
2021/01/25 13:33:04 GET		404		Not Found		/favicon.ico		192.168.1.57:38188		0s
2021/01/25 13:33:09 GET		200		OK		/print		192.168.1.57:38188		1.9643ms
2021/01/25 13:33:09 GET		404		Not Found		/favicon.ico		192.168.1.57:38188		0s
2021/01/25 13:33:15 POST		200		OK		/print		192.168.1.57:38188		3.0364ms
2021/01/25 13:33:15 GET		404		Not Found		/favicon.ico		192.168.1.57:38188		0s
2021/01/25 13:33:20 GET		200		OK		/reverse		192.168.1.57:38188		3.0067ms
2021/01/25 13:33:20 GET		404		Not Found		/favicon.ico		192.168.1.57:38188		0s
2021/01/25 13:33:22 GET		200		OK		/reverse?a=use-file&f=ah.txt&w=332		192.168.1.57:38188		2.0226ms
2021/01/25 13:33:22 GET		404		Not Found		/favicon.ico		192.168.1.57:38188		0s
2021/01/26 08:38:20 GET		200		OK		/		[::1]:60630		5.9848ms
2021/01/26 08:38:21 GET		304		Not Modified		/load-assets/css/style.css		[::1]:60630		5.9844ms
2021/01/26 08:38:21 GET		404		Not Found		/favicon.ico		[::1]:60630		0s
2021/01/26 08:38:24 GET		200		OK		/reverse		[::1]:60630		6.9813ms
2021/01/26 08:38:24 GET		304		Not Modified		/load-assets/js/app.js		[::1]:60630		8.9749ms
2021/01/26 08:38:24 GET		404		Not Found		/favicon.ico		[::1]:60630		0s
2021/01/26 08:38:25 GET		200		OK		/output		[::1]:60630		4.9855ms
2021/01/26 08:38:25 GET		404		Not Found		/favicon.ico		[::1]:60630		0s
2021/01/26 08:38:26 GET		200		OK		/print		[::1]:60630		4.9879ms
2021/01/26 08:38:26 GET		404		Not Found		/favicon.ico		[::1]:60630		0s
2021/01/26 08:38:26 GET		200		OK		/output		[::1]:60630		0s
2021/01/26 08:38:26 GET		404		Not Found		/favicon.ico		[::1]:60630		0s
2021/01/26 08:38:27 GET		200		OK		/reverse		[::1]:60630		996.1µs
2021/01/26 08:38:27 GET		404		Not Found		/favicon.ico		[::1]:60630		0s
2021/01/26 08:38:37 GET		200		OK		/output		[::1]:60630		0s
2021/01/26 08:38:37 GET		404		Not Found		/favicon.ico		[::1]:60630		0s
2021/01/26 08:38:38 GET		200		OK		/reverse		[::1]:60630		997.3µs
2021/01/26 08:38:38 GET		404		Not Found		/favicon.ico		[::1]:60630		996.4µs
2021/01/26 08:38:47 GET		200		OK		/reverse		[::1]:60630		996.7µs
2021/01/26 08:38:47 GET		200		OK		/load-assets/js/app.js		[::1]:60638		26.928ms
2021/01/26 08:38:47 GET		200		OK		/load-assets/css/style.css		[::1]:60630		26.928ms
2021/01/26 08:38:47 GET		404		Not Found		/favicon.ico		[::1]:60630		0s
2021/01/26 08:38:53 GET		200		OK		/reverse?a=use-file&f=ah.txt&w=1490		[::1]:60630		8.9749ms
2021/01/26 08:38:53 GET		404		Not Found		/favicon.ico		[::1]:60630		0s
2021/01/26 08:38:54 GET		200		OK		/reverse?a=use-file&f=setsetset%!((MISSING)1).txt&w=1490		[::1]:60630		9.9718ms
2021/01/26 08:38:54 GET		404		Not Found		/favicon.ico		[::1]:60630		0s
2021/01/26 08:38:54 GET		200		OK		/reverse?a=use-file&f=setsetset%!((MISSING)2).txt&w=1490		[::1]:60630		1.9572ms
2021/01/26 08:38:54 GET		404		Not Found		/favicon.ico		[::1]:60630		0s
2021/01/26 08:38:55 GET		200		OK		/reverse?a=use-file&f=setsetset.txt&w=1490		[::1]:60630		1.995ms
2021/01/26 08:38:55 GET		404		Not Found		/favicon.ico		[::1]:60630		0s
2021/01/26 08:38:56 GET		200		OK		/reverse?a=use-file&f=test_2.txt&w=1490		[::1]:60630		8.9765ms
2021/01/26 08:38:56 GET		404		Not Found		/favicon.ico		[::1]:60630		0s
2021/01/26 08:38:57 GET		200		OK		/reverse?a=use-file&f=test_2.txt&w=1490		[::1]:60630		996.9µs
2021/01/26 08:38:57 GET		404		Not Found		/favicon.ico		[::1]:60630		0s
2021/01/26 08:38:58 GET		200		OK		/reverse?a=use-file&f=test_3.txt&w=1490		[::1]:60630		5.9839ms
2021/01/26 08:38:58 GET		404		Not Found		/favicon.ico		[::1]:60630		0s
2021/01/26 08:38:58 GET		200		OK		/reverse?a=use-file&f=toto.txt&w=1490		[::1]:60630		4.9845ms
2021/01/26 08:38:58 GET		404		Not Found		/favicon.ico		[::1]:60630		0s
2021/01/26 08:38:59 GET		200		OK		/output		[::1]:60630		0s
2021/01/26 08:38:59 GET		404		Not Found		/favicon.ico		[::1]:60630		0s
2021/01/26 08:39:00 GET		200		OK		/reverse		[::1]:60630		1.9954ms
2021/01/26 08:39:00 GET		404		Not Found		/favicon.ico		[::1]:60630		0s
2021/01/26 08:39:01 GET		200		OK		/reverse?a=use-file&f=ah.txt&w=1490		[::1]:60630		1.9942ms
2021/01/26 08:39:01 GET		404		Not Found		/favicon.ico		[::1]:60630		0s
2021/01/26 08:39:02 GET		200		OK		/reverse?a=use-file&f=setsetset.txt&w=1490		[::1]:60630		995.9µs
2021/01/26 08:39:02 GET		404		Not Found		/favicon.ico		[::1]:60630		0s
2021/01/26 08:39:03 GET		200		OK		/reverse?a=use-file&f=test_2.txt&w=1490		[::1]:60630		989.1µs
2021/01/26 08:39:03 GET		404		Not Found		/favicon.ico		[::1]:60630		0s
2021/01/26 08:39:05 GET		200		OK		/reverse?a=delete&f=setsetset%282%!t(MISSING)xt		[::1]:60630		1.9824ms
2021/01/26 08:39:05 GET		404		Not Found		/favicon.ico		[::1]:60630		0s
2021/01/26 08:39:07 GET		200		OK		/reverse?a=delete&f=setsetset%281%!t(MISSING)xt		[::1]:60630		996.9µs
2021/01/26 08:39:07 GET		404		Not Found		/favicon.ico		[::1]:60630		0s
2021/01/26 08:39:09 GET		200		OK		/reverse?a=use-file&f=setsetset.txt&w=1490		[::1]:60630		1.9946ms
2021/01/26 08:39:09 GET		404		Not Found		/favicon.ico		[::1]:60630		0s
2021/01/26 08:39:09 GET		200		OK		/reverse?a=use-file&f=test_2.txt&w=1490		[::1]:60630		1.9841ms
2021/01/26 08:39:09 GET		404		Not Found		/favicon.ico		[::1]:60630		0s
2021/01/26 08:39:10 GET		200		OK		/reverse?a=use-file&f=test_3.txt&w=1490		[::1]:60630		998µs
2021/01/26 08:39:10 GET		404		Not Found		/favicon.ico		[::1]:60630		0s
2021/01/26 08:39:10 GET		200		OK		/reverse?a=use-file&f=toto.txt&w=1490		[::1]:60630		991.5µs
2021/01/26 08:39:10 GET		404		Not Found		/favicon.ico		[::1]:60630		0s
2021/01/26 08:39:11 GET		200		OK		/reverse?a=use-file&f=ah.txt&w=1490		[::1]:60630		998.1µs
2021/01/26 08:39:11 GET		404		Not Found		/favicon.ico		[::1]:60630		0s
2021/01/26 08:39:11 GET		200		OK		/reverse?a=use-file&f=setsetset.txt&w=1490		[::1]:60630		1.9957ms
2021/01/26 08:39:11 GET		404		Not Found		/favicon.ico		[::1]:60630		0s
2021/01/26 08:39:12 GET		200		OK		/reverse?a=use-file&f=test_2.txt&w=1490		[::1]:60630		997.8µs
2021/01/26 08:39:12 GET		404		Not Found		/favicon.ico		[::1]:60630		0s
2021/01/26 08:39:13 GET		200		OK		/reverse?a=use-file&f=test_3.txt&w=1490		[::1]:60630		1.9935ms
2021/01/26 08:39:13 GET		404		Not Found		/favicon.ico		[::1]:60630		0s
2021/01/26 08:39:13 GET		200		OK		/reverse?a=use-file&f=toto.txt&w=1490		[::1]:60630		1.979ms
2021/01/26 08:39:13 GET		404		Not Found		/favicon.ico		[::1]:60630		0s
2021/01/26 08:39:19 GET		200		OK		/load-assets/html/		[::1]:60630		0s
2021/01/26 08:39:19 GET		404		Not Found		/favicon.ico		[::1]:60630		0s
2021/01/26 08:39:25 GET		200		OK		/load-assets/html/reverse.html		[::1]:60630		997.7µs
2021/01/26 08:39:25 GET		404		Not Found		/favicon.ico		[::1]:60630		0s
2021/01/26 08:39:32 GET		404		Not Found		/load-assets/html/reverse?a=use-file&f={{$value.Name}}&w=1490		[::1]:60630		996.8µs
2021/01/26 08:39:32 GET		404		Not Found		/favicon.ico		[::1]:60630		0s
2021/01/26 08:39:33 GET		404		Not Found		/favicon.ico		[::1]:60630		0s
2021/01/26 08:39:33 GET		404		Not Found		/load-assets/html/reverse?a=use-file&f={{$value.Name}}&w=1490		[::1]:60630		0s
2021/01/26 08:39:33 GET		404		Not Found		/favicon.ico		[::1]:60630		0s
2021/01/26 08:39:35 GET		404		Not Found		/favicon.ico		[::1]:60630		0s
2021/01/26 08:39:44 GET		200		OK		/load-assets/html/print.html		[::1]:60630		0s
2021/01/26 08:39:44 GET		404		Not Found		/favicon.ico		[::1]:60630		0s
2021/01/26 08:39:52 GET		200		OK		/load-assets/		[::1]:60630		997.6µs
2021/01/26 08:39:52 GET		404		Not Found		/favicon.ico		[::1]:60630		0s
2021/01/26 08:39:53 GET		200		OK		/load-assets/js/		[::1]:60630		0s
2021/01/26 08:39:53 GET		404		Not Found		/favicon.ico		[::1]:60630		0s
2021/01/26 08:39:54 GET		404		Not Found		/favicon.ico		[::1]:60630		0s
2021/01/26 08:39:57 GET		404		Not Found		/favicon.ico		[::1]:60630		0s
2021/01/26 08:39:58 GET		404		Not Found		/favicon.ico		[::1]:60630		0s
2021/01/26 08:39:59 GET		200		OK		/load-assets/css/		[::1]:60630		0s
2021/01/26 08:39:59 GET		404		Not Found		/favicon.ico		[::1]:60630		0s
2021/01/26 08:40:00 GET		404		Not Found		/favicon.ico		[::1]:60630		0s
2021/01/26 08:40:01 GET		404		Not Found		/favicon.ico		[::1]:60630		0s
2021/01/26 08:40:01 GET		404		Not Found		/favicon.ico		[::1]:60630		0s
2021/01/26 08:40:01 GET		404		Not Found		/favicon.ico		[::1]:60630		0s
2021/01/26 08:40:03 GET		200		OK		/		[::1]:60630		0s
2021/01/26 08:40:03 GET		404		Not Found		/favicon.ico		[::1]:60630		0s
2021/01/26 08:40:04 GET		200		OK		/reverse		[::1]:60630		998.3µs
2021/01/26 08:40:04 GET		404		Not Found		/favicon.ico		[::1]:60630		0s
2021/01/26 08:40:05 GET		200		OK		/output		[::1]:60630		996.6µs
2021/01/26 08:40:05 GET		404		Not Found		/favicon.ico		[::1]:60630		0s
2021/01/26 08:40:05 GET		200		OK		/print		[::1]:60630		998.1µs
2021/01/26 08:40:05 GET		404		Not Found		/favicon.ico		[::1]:60630		0s
2021/01/26 08:40:05 GET		404		Not Found		/favicon.ico		[::1]:60630		0s
2021/01/26 08:40:06 GET		200		OK		/reverse		[::1]:60630		988.2µs
2021/01/26 08:40:06 GET		404		Not Found		/favicon.ico		[::1]:60630		0s
2021/01/26 08:40:07 GET		200		OK		/output		[::1]:60630		1.0017ms
2021/01/26 08:40:07 GET		404		Not Found		/favicon.ico		[::1]:60630		0s
2021/01/26 08:40:07 GET		200		OK		/		[::1]:60630		0s
2021/01/26 08:40:07 GET		404		Not Found		/favicon.ico		[::1]:60630		0s
2021/01/26 08:42:03 GET		200		OK		/reverse		[::1]:60665		6.98ms
2021/01/26 08:42:03 GET		404		Not Found		/favicon.ico		[::1]:60665		0s
2021/01/26 08:42:04 GET		200		OK		/output		[::1]:60665		4.9852ms
2021/01/26 08:42:04 GET		404		Not Found		/favicon.ico		[::1]:60665		0s
2021/01/26 08:42:04 GET		200		OK		/print		[::1]:60665		5.9735ms
2021/01/26 08:42:05 GET		404		Not Found		/favicon.ico		[::1]:60665		0s
2021/01/26 08:43:10 GET		200		OK		/		[::1]:60665		5.984ms
2021/01/26 08:43:10 GET		404		Not Found		/favicon.ico		[::1]:60665		0s
2021/01/26 08:45:55 GET		200		OK		/		[::1]:65234		999.3µs
2021/01/26 08:45:55 GET		404		Not Found		/favicon.ico		[::1]:65234		0s
2021/01/26 08:45:55 GET		200		OK		/		[::1]:65234		0s
2021/01/26 08:45:55 GET		404		Not Found		/favicon.ico		[::1]:65234		0s
2021/01/26 08:45:55 GET		200		OK		/		[::1]:65234		0s
2021/01/26 08:45:55 GET		404		Not Found		/favicon.ico		[::1]:65234		0s
2021/01/26 08:48:49 GET		200		OK		/		[::1]:65234		6.9982ms
2021/01/26 08:48:49 GET		404		Not Found		/favicon.ico		[::1]:65234		0s
2021/01/26 08:50:21 GET		200		OK		/		[::1]:65234		11.9669ms
2021/01/26 08:50:21 GET		404		Not Found		/lib/markdown.js		[::1]:65234		0s
2021/01/26 08:50:21 GET		404		Not Found		/favicon.ico		[::1]:65234		0s
2021/01/26 08:56:49 GET		200		OK		/		[::1]:65453		15.9568ms
2021/01/26 08:56:49 GET		404		Not Found		/favicon.ico		[::1]:65453		0s
2021/01/26 08:56:59 GET		404		Not Found		/favicon.ico		[::1]:65453		0s
2021/01/26 08:57:01 GET		404		Not Found		/favicon.ico		[::1]:65453		0s
2021/01/26 08:57:02 GET		404		Not Found		/favicon.ico		[::1]:65453		0s
2021/01/26 08:57:30 GET		200		OK		/		[::1]:65453		6.9809ms
2021/01/26 08:57:30 GET		404		Not Found		/favicon.ico		[::1]:65453		0s
2021/01/26 09:04:12 GET		200		OK		/reverse		[::1]:49320		998.1µs
2021/01/26 09:04:12 GET		404		Not Found		/favicon.ico		[::1]:49320		0s
2021/01/26 09:04:13 GET		200		OK		/		[::1]:49320		5.9845ms
2021/01/26 09:04:13 GET		404		Not Found		/favicon.ico		[::1]:49320		0s
2021/01/26 09:06:32 GET		200		OK		/reverse		[::1]:49320		0s
2021/01/26 09:06:32 GET		404		Not Found		/favicon.ico		[::1]:49320		0s
2021/01/26 09:06:32 GET		200		OK		/		[::1]:49320		0s
2021/01/26 09:06:32 GET		404		Not Found		/favicon.ico		[::1]:49320		0s
2021/01/26 09:09:50 GET		200		OK		/print		[::1]:49320		997.4µs
2021/01/26 09:09:50 GET		404		Not Found		/favicon.ico		[::1]:49320		0s
2021/01/26 09:09:50 GET		200		OK		/output		[::1]:49320		0s
2021/01/26 09:09:50 GET		404		Not Found		/favicon.ico		[::1]:49320		0s
2021/01/26 09:09:51 GET		200		OK		/reverse		[::1]:49320		999.1µs
2021/01/26 09:09:51 GET		404		Not Found		/favicon.ico		[::1]:49320		0s
2021/01/26 09:09:53 GET		200		OK		/reverse?a=use-file&f=ah.txt&w=1490		[::1]:49320		1.9956ms
2021/01/26 09:09:53 GET		404		Not Found		/favicon.ico		[::1]:49320		0s
2021/01/26 09:09:54 GET		200		OK		/reverse?a=use-file&f=toto.txt&w=1490		[::1]:49320		1.9951ms
2021/01/26 09:09:55 GET		404		Not Found		/favicon.ico		[::1]:49320		0s
2021/01/26 09:09:57 GET		200		OK		/reverse?a=use-file&f=test_2.txt&w=1490		[::1]:49320		1.9819ms
2021/01/26 09:09:57 GET		404		Not Found		/favicon.ico		[::1]:49320		0s
2021/01/26 09:09:59 GET		200		OK		/output		[::1]:49320		0s
2021/01/26 09:09:59 GET		404		Not Found		/favicon.ico		[::1]:49320		0s
2021/01/26 09:18:17 GET		200		OK		/		[::1]:49792		995.7µs
2021/01/26 09:18:17 GET		404		Not Found		/favicon.ico		[::1]:49792		0s
2021/01/26 09:20:14 GET		200		OK		/print		[::1]:49792		997.7µs
2021/01/26 09:20:14 GET		404		Not Found		/favicon.ico		[::1]:49792		0s
2021/01/26 09:20:15 POST		200		OK		/print		[::1]:49792		998.7µs
2021/01/26 09:20:15 GET		404		Not Found		/favicon.ico		[::1]:49792		0s
2021/01/26 09:20:15 POST		200		OK		/print		[::1]:49792		997.7µs
2021/01/26 09:20:15 GET		404		Not Found		/favicon.ico		[::1]:49792		0s
2021/01/26 09:20:15 POST		200		OK		/print		[::1]:49792		998µs
2021/01/26 09:20:15 GET		404		Not Found		/favicon.ico		[::1]:49792		0s
2021/01/26 09:20:16 POST		200		OK		/print		[::1]:49792		0s
2021/01/26 09:20:16 GET		404		Not Found		/favicon.ico		[::1]:49792		0s
2021/01/26 09:20:16 POST		200		OK		/print		[::1]:49792		996.1µs
2021/01/26 09:20:16 GET		404		Not Found		/favicon.ico		[::1]:49792		0s
2021/01/26 09:20:34 GET		200		OK		/output		[::1]:49792		0s
2021/01/26 09:20:34 GET		404		Not Found		/favicon.ico		[::1]:49792		0s
2021/01/26 09:20:35 GET		200		OK		/reverse		[::1]:49792		1.0291ms
2021/01/26 09:20:35 GET		404		Not Found		/favicon.ico		[::1]:49792		0s
2021/01/26 09:20:36 GET		200		OK		/reverse?a=use-file&f=ah.txt&w=1490		[::1]:49792		971.8µs
2021/01/26 09:20:36 GET		404		Not Found		/favicon.ico		[::1]:49792		0s
2021/01/26 09:20:37 GET		200		OK		/reverse?a=use-file&f=setsetset.txt&w=1490		[::1]:49792		1.9924ms
2021/01/26 09:20:37 GET		404		Not Found		/favicon.ico		[::1]:49792		0s
2021/01/26 09:20:37 GET		200		OK		/reverse?a=use-file&f=test_2.txt&w=1490		[::1]:49792		997.2µs
2021/01/26 09:20:37 GET		404		Not Found		/favicon.ico		[::1]:49792		0s
2021/01/26 09:20:38 GET		200		OK		/reverse?a=use-file&f=test_3.txt&w=1490		[::1]:49792		1.9946ms
2021/01/26 09:20:38 GET		404		Not Found		/favicon.ico		[::1]:49792		0s
2021/01/26 09:20:38 GET		200		OK		/reverse?a=use-file&f=toto.txt&w=1490		[::1]:49792		1.9939ms
2021/01/26 09:20:38 GET		404		Not Found		/favicon.ico		[::1]:49792		0s
2021/01/26 09:21:44 GET		200		OK		/output		[::1]:49792		0s
2021/01/26 09:21:44 GET		404		Not Found		/favicon.ico		[::1]:49792		0s
2021/01/26 09:21:45 GET		200		OK		/output		[::1]:49792		0s
2021/01/26 09:21:45 GET		404		Not Found		/favicon.ico		[::1]:49792		0s
2021/01/26 09:21:45 GET		200		OK		/print		[::1]:49792		996.9µs
2021/01/26 09:21:45 GET		404		Not Found		/favicon.ico		[::1]:49792		0s
2021/01/26 09:21:46 GET		200		OK		/		[::1]:49792		997.5µs
2021/01/26 09:21:46 GET		404		Not Found		/favicon.ico		[::1]:49792		0s
2021/01/26 09:21:47 GET		200		OK		/reverse		[::1]:49792		996.7µs
2021/01/26 09:21:47 GET		404		Not Found		/favicon.ico		[::1]:49792		0s
2021/01/26 09:21:52 GET		200		OK		/		[::1]:49792		0s
2021/01/26 09:21:52 GET		404		Not Found		/favicon.ico		[::1]:49792		0s
2021/01/26 09:23:04 GET		200		OK		/reverse		[::1]:49792		996.7µs
2021/01/26 09:23:04 GET		404		Not Found		/favicon.ico		[::1]:49792		0s
2021/01/26 09:23:35 GET		200		OK		/output		[::1]:49792		997.8µs
2021/01/26 09:23:35 GET		404		Not Found		/favicon.ico		[::1]:49792		0s
2021/01/26 09:23:36 GET		200		OK		/print		[::1]:49792		997.3µs
2021/01/26 09:23:36 GET		404		Not Found		/favicon.ico		[::1]:49792		0s
2021/01/26 09:23:36 GET		200		OK		/reverse		[::1]:49792		997.2µs
2021/01/26 09:23:36 GET		404		Not Found		/favicon.ico		[::1]:49792		0s
2021/01/26 09:24:08 GET		200		OK		/reverse		[::1]:49841		5.9829ms
2021/01/26 09:24:08 GET		404		Not Found		/favicon.ico		[::1]:49841		0s
2021/01/26 09:33:25 GET		200		OK		/reverse		127.0.0.1:49957		1.9907ms
2021/01/26 09:33:25 GET		404		Not Found		/favicon.ico		127.0.0.1:49957		0s
2021/01/26 10:36:49 GET		200		OK		/reverse		127.0.0.1:50460		1.9912ms
2021/01/26 10:36:49 GET		404		Not Found		/favicon.ico		127.0.0.1:50460		0s
2021/01/26 10:36:50 GET		200		OK		/output		127.0.0.1:50460		0s
2021/01/26 10:36:50 GET		404		Not Found		/favicon.ico		127.0.0.1:50460		0s
2021/01/26 10:36:51 GET		200		OK		/print		127.0.0.1:50460		0s
2021/01/26 10:36:51 GET		404		Not Found		/favicon.ico		127.0.0.1:50460		0s
2021/01/26 10:36:51 GET		200		OK		/output		127.0.0.1:50460		0s
2021/01/26 10:36:51 GET		404		Not Found		/favicon.ico		127.0.0.1:50460		0s
2021/01/26 10:36:51 GET		200		OK		/reverse		127.0.0.1:50460		998.9µs
2021/01/26 10:36:51 GET		404		Not Found		/favicon.ico		127.0.0.1:50460		0s
2021/01/26 10:37:12 GET		200		OK		/		127.0.0.1:50466		996.9µs
2021/01/26 10:37:12 GET		200		OK		/load-assets/css/style.css		127.0.0.1:50466		26.9258ms
2021/01/26 10:37:12 GET		404		Not Found		/favicon.ico		127.0.0.1:50466		0s
2021/01/26 10:37:14 GET		404		Not Found		/reverse/		127.0.0.1:50466		0s
2021/01/26 10:37:14 GET		404		Not Found		/favicon.ico		127.0.0.1:50466		0s
2021/01/26 10:37:15 GET		404		Not Found		/favicon.ico		127.0.0.1:50466		0s
2021/01/26 10:38:51 GET		200		OK		/		127.0.0.1:50490		0s
2021/01/26 10:38:51 GET		404		Not Found		/favicon.ico		127.0.0.1:50490		0s
2021/01/26 10:38:52 GET		200		OK		/reverse		127.0.0.1:50490		983µs
2021/01/26 10:38:52 GET		404		Not Found		/favicon.ico		127.0.0.1:50490		0s
2021/01/26 10:38:53 GET		200		OK		/output		127.0.0.1:50490		995.5µs
2021/01/26 10:38:53 GET		404		Not Found		/favicon.ico		127.0.0.1:50490		0s
2021/01/26 10:38:53 GET		200		OK		/print		127.0.0.1:50490		0s
2021/01/26 10:38:53 GET		404		Not Found		/favicon.ico		127.0.0.1:50490		0s
2021/01/26 11:04:05 GET		200		OK		/output		127.0.0.1:50662		994µs
2021/01/26 11:04:05 GET		404		Not Found		/favicon.ico		127.0.0.1:50662		0s
2021/01/26 11:04:06 GET		200		OK		/reverse		127.0.0.1:50662		1.0322ms
2021/01/26 11:04:06 GET		404		Not Found		/favicon.ico		127.0.0.1:50662		0s
2021/01/26 11:04:07 GET		200		OK		/output		127.0.0.1:50662		0s
2021/01/26 11:04:07 GET		404		Not Found		/favicon.ico		127.0.0.1:50662		0s
2021/01/26 11:04:08 GET		200		OK		/print		127.0.0.1:50662		0s
2021/01/26 11:04:08 GET		404		Not Found		/favicon.ico		127.0.0.1:50662		0s
2021/01/26 11:04:20 GET		200		OK		/print		127.0.0.1:50662		998.9µs
2021/01/26 11:04:20 GET		404		Not Found		/load-assets/css/style.css		127.0.0.1:50662		0s
2021/01/26 11:04:20 GET		404		Not Found		/load-assets/js/app.js		127.0.0.1:50663		0s
2021/01/26 11:04:20 GET		404		Not Found		/favicon.ico		127.0.0.1:50663		996.7µs
2021/01/26 11:06:45 GET		200		OK		/print		127.0.0.1:50748		2.0225ms
2021/01/26 11:06:45 GET		200		OK		/load-assets/css/style.css		127.0.0.1:50748		28.923ms
2021/01/26 11:06:45 GET		200		OK		/load-assets/js/app.js		127.0.0.1:50748		0s
2021/01/26 11:06:45 GET		404		Not Found		/favicon.ico		127.0.0.1:50748		0s
2021/01/26 11:07:51 GET		200		OK		/print		127.0.0.1:50790		996.6µs
2021/01/26 11:07:51 GET		404		Not Found		/favicon.ico		127.0.0.1:50790		0s
2021/01/26 11:08:02 GET		200		OK		/reverse		127.0.0.1:50790		1.9738ms
2021/01/26 11:08:02 GET		404		Not Found		/favicon.ico		127.0.0.1:50790		0s
2021/01/26 11:08:02 GET		200		OK		/		127.0.0.1:50790		996.8µs
2021/01/26 11:08:03 GET		404		Not Found		/favicon.ico		127.0.0.1:50790		0s
2021/01/26 11:08:03 GET		200		OK		/output		127.0.0.1:50790		0s
2021/01/26 11:08:03 GET		404		Not Found		/favicon.ico		127.0.0.1:50790		0s
2021/01/26 11:08:03 GET		200		OK		/print		127.0.0.1:50790		998.8µs
2021/01/26 11:08:03 GET		404		Not Found		/favicon.ico		127.0.0.1:50790		0s
2021/01/26 11:12:58 GET		200		OK		/		192.168.1.42:48900		0s
2021/01/26 11:12:59 GET		304		Not Modified		/load-assets/css/style.css		192.168.1.42:48900		0s
2021/01/26 11:12:59 GET		404		Not Found		/favicon.ico		192.168.1.42:48900		0s
2021/01/26 11:13:04 GET		200		OK		/reverse		192.168.1.42:48900		998.3µs
2021/01/26 11:13:04 GET		304		Not Modified		/load-assets/js/app.js		192.168.1.42:48900		0s
2021/01/26 11:13:04 GET		404		Not Found		/favicon.ico		192.168.1.42:48900		0s
2021/01/26 11:13:17 GET		200		OK		/reverse		192.168.1.42:48900		993.1µs
2021/01/26 11:13:17 GET		404		Not Found		/favicon.ico		192.168.1.42:48900		0s
2021/01/26 11:13:25 GET		200		OK		/download/output/ah.txt		192.168.1.42:48900		22.9433ms
2021/01/26 11:13:37 GET		200		OK		/print		192.168.1.42:48900		0s
2021/01/26 11:13:37 GET		404		Not Found		/favicon.ico		192.168.1.42:48900		0s
2021/01/26 11:13:41 GET		200		OK		/reverse		192.168.1.42:48900		993.1µs
2021/01/26 11:13:41 GET		404		Not Found		/favicon.ico		192.168.1.42:48900		0s
2021/01/26 11:14:00 GET		200		OK		/		192.168.1.42:48918		0s
2021/01/26 11:14:01 GET		200		OK		/load-assets/css/style.css		192.168.1.42:48918		0s
2021/01/26 11:14:01 GET		404		Not Found		/favicon.ico		192.168.1.42:48918		0s
2021/01/26 11:14:03 GET		200		OK		/reverse		192.168.1.42:48918		0s
2021/01/26 11:14:03 GET		200		OK		/load-assets/js/app.js		192.168.1.42:48918		0s
2021/01/26 11:14:04 GET		404		Not Found		/favicon.ico		192.168.1.42:48918		0s
2021/01/26 11:14:05 GET		200		OK		/reverse?a=use-file&f=ah.txt&w=332		192.168.1.42:48918		994.3µs
2021/01/26 11:14:06 GET		404		Not Found		/favicon.ico		192.168.1.42:48918		0s
2021/01/26 11:14:09 GET		200		OK		/reverse?a=use-file&f=setsetset.txt&w=332		192.168.1.42:48918		1.9066ms
2021/01/26 11:14:09 GET		404		Not Found		/favicon.ico		192.168.1.42:48918		0s
2021/01/26 11:14:13 GET		200		OK		/output		192.168.1.42:48918		0s
2021/01/26 11:14:13 GET		404		Not Found		/favicon.ico		192.168.1.42:48918		0s
2021/01/26 11:14:40 GET		200		OK		/print		192.168.1.35:50878		1.011ms
2021/01/26 11:14:40 GET		200		OK		/load-assets/css/style.css		192.168.1.35:50878		0s
2021/01/26 11:14:40 GET		200		OK		/load-assets/js/app.js		192.168.1.35:50879		0s
2021/01/26 11:14:40 GET		404		Not Found		/favicon.ico		192.168.1.35:50879		0s
2021/01/26 11:14:50 GET		200		OK		/reverse		192.168.1.35:50879		997.2µs
2021/01/26 11:14:50 GET		404		Not Found		/favicon.ico		192.168.1.35:50879		0s
2021/01/26 11:14:51 GET		200		OK		/reverse?a=use-file&f=ah.txt&w=1490		192.168.1.35:50879		997µs
2021/01/26 11:14:51 GET		404		Not Found		/favicon.ico		192.168.1.35:50879		0s
2021/01/26 11:14:52 GET		200		OK		/reverse?a=use-file&f=setsetset.txt&w=1490		192.168.1.35:50879		1.9946ms
2021/01/26 11:14:52 GET		404		Not Found		/favicon.ico		192.168.1.35:50879		0s
2021/01/26 11:14:52 GET		200		OK		/reverse?a=use-file&f=test_2.txt&w=1490		192.168.1.35:50879		1.9959ms
2021/01/26 11:14:52 GET		404		Not Found		/favicon.ico		192.168.1.35:50879		0s
2021/01/26 11:14:53 GET		200		OK		/reverse?a=use-file&f=test_3.txt&w=1490		192.168.1.35:50879		1.9949ms
2021/01/26 11:14:53 GET		404		Not Found		/favicon.ico		192.168.1.35:50879		0s
2021/01/26 11:14:53 GET		200		OK		/reverse?a=use-file&f=toto.txt&w=1490		192.168.1.35:50879		998.4µs
2021/01/26 11:14:53 GET		404		Not Found		/favicon.ico		192.168.1.35:50879		0s
2021/01/26 11:14:54 GET		200		OK		/		192.168.1.35:50879		0s
2021/01/26 11:14:54 GET		404		Not Found		/favicon.ico		192.168.1.35:50879		0s
2021/01/26 11:14:54 GET		200		OK		/reverse		192.168.1.35:50879		998µs
2021/01/26 11:14:54 GET		404		Not Found		/favicon.ico		192.168.1.35:50879		0s
2021/01/26 11:14:55 GET		200		OK		/output		192.168.1.35:50879		0s
2021/01/26 11:14:55 GET		404		Not Found		/favicon.ico		192.168.1.35:50879		0s
2021/01/26 11:14:55 GET		200		OK		/print		192.168.1.35:50879		998.3µs
2021/01/26 11:14:55 GET		404		Not Found		/favicon.ico		192.168.1.35:50879		0s
2021/01/26 11:14:56 GET		200		OK		/output		192.168.1.35:50879		0s
2021/01/26 11:14:56 GET		404		Not Found		/favicon.ico		192.168.1.35:50879		0s
